<?xml version="1.0" encoding="UTF-8"?>
<testng-results ignored="0" total="1" passed="1" failed="0" skipped="0">
  <reporter-output>
  </reporter-output>
  <suite started-at="2023-02-18T21:52:06 BDT" name="Default suite" finished-at="2023-02-18T21:52:41 BDT" duration-ms="34630">
    <groups>
    </groups>
    <test started-at="2023-02-18T21:52:06 BDT" name="Default test" finished-at="2023-02-18T21:52:41 BDT" duration-ms="34630">
      <class name="sample.SaucedemoTest">
        <test-method is-config="true" signature="setUp()[pri:0, instance:sample.SaucedemoTest@306e95ec]" started-at="2023-02-18T21:52:06 BDT" name="setUp" finished-at="2023-02-18T21:52:09 BDT" duration-ms="2870" status="PASS">
          <reporter-output>
          </reporter-output>
        </test-method> <!-- setUp -->
        <test-method signature="goToOrderTest()[pri:0, instance:sample.SaucedemoTest@306e95ec]" started-at="2023-02-18T21:52:09 BDT" name="goToOrderTest" finished-at="2023-02-18T21:52:41 BDT" duration-ms="31698" status="PASS">
          <reporter-output>
          </reporter-output>
        </test-method> <!-- goToOrderTest -->
      </class> <!-- sample.SaucedemoTest -->
    </test> <!-- Default test -->
  </suite> <!-- Default suite -->
</testng-results>
