<?xml version="1.0" encoding="UTF-8"?>
<testng-results ignored="0" total="1" passed="1" failed="0" skipped="0">
  <reporter-output>
  </reporter-output>
  <suite started-at="2023-02-18T21:59:24 BDT" name="Default suite" finished-at="2023-02-18T22:00:15 BDT" duration-ms="50983">
    <groups>
    </groups>
    <test started-at="2023-02-18T21:59:24 BDT" name="Default test" finished-at="2023-02-18T22:00:15 BDT" duration-ms="50983">
      <class name="sample.SaucedemoTest">
        <test-method is-config="true" signature="setUp()[pri:0, instance:sample.SaucedemoTest@21e360a]" started-at="2023-02-18T21:59:24 BDT" name="setUp" finished-at="2023-02-18T21:59:27 BDT" duration-ms="2864" status="PASS">
          <reporter-output>
          </reporter-output>
        </test-method> <!-- setUp -->
        <test-method signature="goToOrderTest()[pri:0, instance:sample.SaucedemoTest@21e360a]" started-at="2023-02-18T21:59:27 BDT" name="goToOrderTest" finished-at="2023-02-18T21:59:59 BDT" duration-ms="31994" status="PASS">
          <reporter-output>
          </reporter-output>
        </test-method> <!-- goToOrderTest -->
        <test-method is-config="true" signature="terminatetest()[pri:0, instance:sample.SaucedemoTest@21e360a]" started-at="2023-02-18T21:59:59 BDT" name="terminatetest" finished-at="2023-02-18T22:00:15 BDT" duration-ms="16074" status="PASS">
          <reporter-output>
          </reporter-output>
        </test-method> <!-- terminatetest -->
      </class> <!-- sample.SaucedemoTest -->
    </test> <!-- Default test -->
  </suite> <!-- Default suite -->
</testng-results>
